<?xml version="1.0" encoding="UTF-8"?>
<coverage generated="1666412784510" clover="3.2.0">
  <project timestamp="1666412784510" name="All files">
    <metrics statements="30" coveredstatements="22" conditionals="4" coveredconditionals="3" methods="9" coveredmethods="6" elements="43" coveredelements="31" complexity="0" loc="30" ncloc="30" packages="3" files="3" classes="3"/>
    <package name="src">
      <metrics statements="12" coveredstatements="10" conditionals="2" coveredconditionals="1" methods="6" coveredmethods="4"/>
      <file name="app.ts" path="/home/alexandervazquez/Escritorio/Projects/GuruComm/src/app.ts">
        <metrics statements="12" coveredstatements="10" conditionals="2" coveredconditionals="1" methods="6" coveredmethods="4"/>
        <line num="10" count="1" type="stmt"/>
        <line num="11" count="1" type="stmt"/>
        <line num="12" count="1" type="stmt"/>
        <line num="13" count="1" type="stmt"/>
        <line num="17" count="1" type="cond" truecount="1" falsecount="1"/>
        <line num="21" count="1" type="stmt"/>
        <line num="22" count="1" type="stmt"/>
        <line num="23" count="1" type="stmt"/>
        <line num="24" count="1" type="stmt"/>
        <line num="28" count="1" type="stmt"/>
        <line num="32" count="0" type="stmt"/>
        <line num="33" count="0" type="stmt"/>
      </file>
    </package>
    <package name="src.controllers">
      <metrics statements="15" coveredstatements="9" conditionals="2" coveredconditionals="2" methods="3" coveredmethods="2"/>
      <file name="pet.controller.ts" path="/home/alexandervazquez/Escritorio/Projects/GuruComm/src/controllers/pet.controller.ts">
        <metrics statements="15" coveredstatements="9" conditionals="2" coveredconditionals="2" methods="3" coveredmethods="2"/>
        <line num="5" count="1" type="stmt"/>
        <line num="8" count="5" type="stmt"/>
        <line num="9" count="5" type="cond" truecount="2" falsecount="0"/>
        <line num="10" count="4" type="stmt"/>
        <line num="11" count="4" type="stmt"/>
        <line num="17" count="4" type="stmt"/>
        <line num="19" count="0" type="stmt"/>
        <line num="24" count="2" type="stmt"/>
        <line num="25" count="2" type="stmt"/>
        <line num="26" count="2" type="stmt"/>
        <line num="28" count="0" type="stmt"/>
        <line num="33" count="0" type="stmt"/>
        <line num="34" count="0" type="stmt"/>
        <line num="39" count="0" type="stmt"/>
        <line num="41" count="0" type="stmt"/>
      </file>
    </package>
    <package name="src.routes">
      <metrics statements="3" coveredstatements="3" conditionals="0" coveredconditionals="0" methods="0" coveredmethods="0"/>
      <file name="pet.routes.ts" path="/home/alexandervazquez/Escritorio/Projects/GuruComm/src/routes/pet.routes.ts">
        <metrics statements="3" coveredstatements="3" conditionals="0" coveredconditionals="0" methods="0" coveredmethods="0"/>
        <line num="4" count="1" type="stmt"/>
        <line num="6" count="1" type="stmt"/>
        <line num="10" count="1" type="stmt"/>
      </file>
    </package>
  </project>
</coverage>
