{"/home/alexandervazquez/Escritorio/Projects/GuruComm/src/app.ts": {"path":"/home/alexandervazquez/Escritorio/Projects/GuruComm/src/app.ts","statementMap":{"0":{"start":{"line":10,"column":8},"end":{"line":10,"column":29}},"1":{"start":{"line":11,"column":8},"end":{"line":11,"column":24}},"2":{"start":{"line":12,"column":8},"end":{"line":12,"column":26}},"3":{"start":{"line":13,"column":8},"end":{"line":13,"column":22}},"4":{"start":{"line":17,"column":8},"end":{"line":17,"column":48}},"5":{"start":{"line":21,"column":8},"end":{"line":21,"column":36}},"6":{"start":{"line":22,"column":8},"end":{"line":22,"column":29}},"7":{"start":{"line":23,"column":8},"end":{"line":23,"column":61}},"8":{"start":{"line":24,"column":8},"end":{"line":24,"column":37}},"9":{"start":{"line":28,"column":8},"end":{"line":28,"column":32}},"10":{"start":{"line":32,"column":8},"end":{"line":34,"column":11}},"11":{"start":{"line":33,"column":12},"end":{"line":33,"column":70}}},"fnMap":{"0":{"name":"(anonymous_0)","decl":{"start":{"line":9,"column":4},"end":{"line":9,"column":5}},"loc":{"start":{"line":9,"column":48},"end":{"line":14,"column":5}},"line":9},"1":{"name":"(anonymous_1)","decl":{"start":{"line":16,"column":4},"end":{"line":16,"column":5}},"loc":{"start":{"line":16,"column":23},"end":{"line":18,"column":5}},"line":16},"2":{"name":"(anonymous_2)","decl":{"start":{"line":20,"column":4},"end":{"line":20,"column":5}},"loc":{"start":{"line":20,"column":25},"end":{"line":25,"column":5}},"line":20},"3":{"name":"(anonymous_3)","decl":{"start":{"line":27,"column":4},"end":{"line":27,"column":5}},"loc":{"start":{"line":27,"column":21},"end":{"line":29,"column":5}},"line":27},"4":{"name":"(anonymous_4)","decl":{"start":{"line":31,"column":4},"end":{"line":31,"column":5}},"loc":{"start":{"line":31,"column":13},"end":{"line":35,"column":5}},"line":31},"5":{"name":"(anonymous_5)","decl":{"start":{"line":32,"column":46},"end":{"line":32,"column":47}},"loc":{"start":{"line":32,"column":52},"end":{"line":34,"column":9}},"line":32}},"branchMap":{"0":{"loc":{"start":{"line":17,"column":29},"end":{"line":17,"column":46}},"type":"binary-expr","locations":[{"start":{"line":17,"column":29},"end":{"line":17,"column":38}},{"start":{"line":17,"column":42},"end":{"line":17,"column":46}}],"line":17}},"s":{"0":1,"1":1,"2":1,"3":1,"4":1,"5":1,"6":1,"7":1,"8":1,"9":1,"10":0,"11":0},"f":{"0":1,"1":1,"2":1,"3":1,"4":0,"5":0},"b":{"0":[1,0]},"_coverageSchema":"1a1c01bbd47fc00a2c39e90264f33305004495a9","hash":"c5a15a5ed361b33fbbad2584411fe9051d617397"}
,"/home/alexandervazquez/Escritorio/Projects/GuruComm/src/controllers/pet.controller.ts": {"path":"/home/alexandervazquez/Escritorio/Projects/GuruComm/src/controllers/pet.controller.ts","statementMap":{"0":{"start":{"line":5,"column":15},"end":{"line":5,"column":33}},"1":{"start":{"line":8,"column":21},"end":{"line":8,"column":29}},"2":{"start":{"line":9,"column":4},"end":{"line":9,"column":61}},"3":{"start":{"line":9,"column":19},"end":{"line":9,"column":61}},"4":{"start":{"line":10,"column":4},"end":{"line":20,"column":5}},"5":{"start":{"line":11,"column":25},"end":{"line":16,"column":10}},"6":{"start":{"line":17,"column":8},"end":{"line":17,"column":46}},"7":{"start":{"line":19,"column":8},"end":{"line":19,"column":53}},"8":{"start":{"line":24,"column":4},"end":{"line":29,"column":5}},"9":{"start":{"line":25,"column":21},"end":{"line":25,"column":48}},"10":{"start":{"line":26,"column":8},"end":{"line":26,"column":39}},"11":{"start":{"line":28,"column":8},"end":{"line":28,"column":53}},"12":{"start":{"line":33,"column":4},"end":{"line":42,"column":5}},"13":{"start":{"line":34,"column":21},"end":{"line":38,"column":10}},"14":{"start":{"line":39,"column":8},"end":{"line":39,"column":39}},"15":{"start":{"line":41,"column":8},"end":{"line":41,"column":53}}},"fnMap":{"0":{"name":"insertPet","decl":{"start":{"line":7,"column":22},"end":{"line":7,"column":31}},"loc":{"start":{"line":7,"column":61},"end":{"line":21,"column":1}},"line":7},"1":{"name":"getPets","decl":{"start":{"line":23,"column":22},"end":{"line":23,"column":29}},"loc":{"start":{"line":23,"column":59},"end":{"line":30,"column":1}},"line":23},"2":{"name":"getPet","decl":{"start":{"line":32,"column":22},"end":{"line":32,"column":28}},"loc":{"start":{"line":32,"column":58},"end":{"line":43,"column":1}},"line":32}},"branchMap":{"0":{"loc":{"start":{"line":9,"column":4},"end":{"line":9,"column":61}},"type":"if","locations":[{"start":{"line":9,"column":4},"end":{"line":9,"column":61}},{"start":{},"end":{}}],"line":9}},"s":{"0":1,"1":5,"2":5,"3":1,"4":4,"5":4,"6":4,"7":0,"8":2,"9":2,"10":2,"11":0,"12":0,"13":0,"14":0,"15":0},"f":{"0":5,"1":2,"2":0},"b":{"0":[1,4]},"_coverageSchema":"1a1c01bbd47fc00a2c39e90264f33305004495a9","hash":"1b3c805d05d16000f8fc31224feeb2d25cec5104"}
,"/home/alexandervazquez/Escritorio/Projects/GuruComm/src/routes/pet.routes.ts": {"path":"/home/alexandervazquez/Escritorio/Projects/GuruComm/src/routes/pet.routes.ts","statementMap":{"0":{"start":{"line":4,"column":15},"end":{"line":4,"column":23}},"1":{"start":{"line":6,"column":0},"end":{"line":8,"column":21}},"2":{"start":{"line":10,"column":0},"end":{"line":11,"column":18}}},"fnMap":{},"branchMap":{},"s":{"0":1,"1":1,"2":1},"f":{},"b":{},"_coverageSchema":"1a1c01bbd47fc00a2c39e90264f33305004495a9","hash":"4b6288570d6f94f3e2b6183eb70b0a45188681a3"}
}
