TN:
SF:src/app.ts
FN:9,(anonymous_0)
FN:16,(anonymous_1)
FN:20,(anonymous_2)
FN:27,(anonymous_3)
FN:31,(anonymous_4)
FN:32,(anonymous_5)
FNF:6
FNH:4
FNDA:1,(anonymous_0)
FNDA:1,(anonymous_1)
FNDA:1,(anonymous_2)
FNDA:1,(anonymous_3)
FNDA:0,(anonymous_4)
FNDA:0,(anonymous_5)
DA:10,1
DA:11,1
DA:12,1
DA:13,1
DA:17,1
DA:21,1
DA:22,1
DA:23,1
DA:24,1
DA:28,1
DA:32,0
DA:33,0
LF:12
LH:10
BRDA:17,0,0,1
BRDA:17,0,1,0
BRF:2
BRH:1
end_of_record
TN:
SF:src/controllers/pet.controller.ts
FN:7,insertPet
FN:23,getPets
FN:32,getPet
FNF:3
FNH:2
FNDA:5,insertPet
FNDA:2,getPets
FNDA:0,getPet
DA:5,1
DA:8,5
DA:9,5
DA:10,4
DA:11,4
DA:17,4
DA:19,0
DA:24,2
DA:25,2
DA:26,2
DA:28,0
DA:33,0
DA:34,0
DA:39,0
DA:41,0
LF:15
LH:9
BRDA:9,0,0,1
BRDA:9,0,1,4
BRF:2
BRH:2
end_of_record
TN:
SF:src/routes/pet.routes.ts
FNF:0
FNH:0
DA:4,1
DA:6,1
DA:10,1
LF:3
LH:3
BRF:0
BRH:0
end_of_record
